<?xml version = "1.0"?>
<settings>

	<threads>9</threads>
	<log-level>schema</log-level>
	<mode>EAGER</mode>

	<load-wordnet-to-ram>false</load-wordnet-to-ram>

	<extra-matching>
		<component>include_children</component>
		<component>metadata</component>
		<component>combined</component>
	</extra-matching>

	<word-matchers>
		<matcher>
			<type>exact</type>
			<active>false</active>
		</matcher>

		<matcher>
			<type>fuzzy</type>
			<method>ratio</method>
<!--			<method>partialRatio</method>-->
<!--			<method>tokenSetRatio</method>-->
<!--			<method>tokenSetPartialRatio</method>-->
<!--			<method>tokenSortRatio</method>-->
<!--			<method>tokenSortPartialRatio</method>-->
<!--			<method>weightedRatio</method>-->
			<active>true</active>
		</matcher>

		<matcher>
			<type>semantic</type>
			<active>false</active>
		</matcher>
	</word-matchers>

	<pre-processing>
		<processor>
			<type>clean_stop_words</type>
			<active>TRUE</active>
			<priority>default</priority>
		</processor>

		<processor>
			<type>short_words_changer</type>
			<active>TRUE</active>
			<priority>default</priority>
		</processor>

		<processor>
			<type>clean_non_alphabetic</type>
			<active>false</active>
			<priority>default</priority>
		</processor>

		<processor>
			<type>lemmatization</type>
			<active>true</active>
			<priority>default</priority>
		</processor>

		<processor>
			<type>stemming</type>
			<active>false</active>
			<priority>default</priority>
		</processor>

		<processor>
			<type>clean_prefixes</type>
			<active>TRUE</active>
			<priority>default</priority>
		</processor>

		<processor>
			<type>part_of_speech</type>
			<active>TRUE</active>
			<priority>default</priority>
		</processor>
	</pre-processing>
</settings>