<?xml version="1.0" encoding="UTF-8" standalone="yes"?>
<matchingResult>
    <component type="Schema" name="Schema_1">
        <matching-component type="Schema" name="Schema_2">
            <component type="Table" name="Schema_1.Table_0"/>
            <component type="Table" name="Schema_1.Table_1">
                <matching-component type="Table" name="Schema_2.Table_0" match="0.4000000059604645">
                    <component type="Column" name="Schema_1.Table_1.Column_0">
                        <matching-component type="Column" name="Schema_2.Table_0.Column_0" match="0.699999988079071"/>
                    </component>
                    <component type="Column" name="Schema_1.Table_1.Column_1"/>
                    <component type="Column" name="Schema_1.Table_1.Column_2"/>
                </matching-component>
                <matching-component type="Table" name="Schema_2.Table_1" match="0.699999988079071">
                    <component type="Column" name="Schema_1.Table_1.Column_0"/>
                    <component type="Column" name="Schema_1.Table_1.Column_1"/>
                </matching-component>
            </component>
        </matching-component>
    </component>
    <matching-component type="Schema" name="Schema_2">
        <component type="Table" name="Schema_1.Table_0"/>
        <component type="Table" name="Schema_1.Table_1">
            <matching-component type="Table" name="Schema_2.Table_0" match="0.4000000059604645">
                <component type="Column" name="Schema_1.Table_1.Column_0">
                    <matching-component type="Column" name="Schema_2.Table_0.Column_0" match="0.699999988079071"/>
                </component>
                <component type="Column" name="Schema_1.Table_1.Column_1"/>
                <component type="Column" name="Schema_1.Table_1.Column_2"/>
            </matching-component>
            <matching-component type="Table" name="Schema_2.Table_1" match="0.699999988079071">
                <component type="Column" name="Schema_1.Table_1.Column_0"/>
                <component type="Column" name="Schema_1.Table_1.Column_1"/>
            </matching-component>
        </component>
    </matching-component>
</matchingResult>
