<?xml version="1.0" encoding="UTF-8" standalone="yes"?>
<matchingResult>
    <component type="Schema" name="Schema_1">
        <matching-component type="Schema" name="Schema_2">
            <component type="Table" name="Schema_1.Table_0">
                <matching-component type="Table" name="Schema_2.Table_0" match="0.9000000357627869">
                    <component type="Column" name="Schema_1.Table_0.Column_0">
                        <matching-component type="Column" name="Schema_2.Table_0.Column_0" match="0.10000000149011612"/>
                    </component>
                    <component type="Column" name="Schema_1.Table_0.Column_1">
                        <matching-component type="Column" name="Schema_2.Table_0.Column_0" match="0.0"/>
                        <matching-component type="Column" name="Schema_2.Table_0.Column_1" match="0.10000000149011612"/>
                    </component>
                    <component type="Column" name="Schema_1.Table_0.Column_2">
                        <matching-component type="Column" name="Schema_2.Table_0.Column_0" match="0.20000000298023224"/>
                    </component>
                </matching-component>
                <matching-component type="Table" name="Schema_2.Table_1" match="0.10000000149011612">
                    <component type="Column" name="Schema_1.Table_0.Column_0"/>
                    <component type="Column" name="Schema_1.Table_0.Column_1"/>
                </matching-component>
            </component>
        </matching-component>
    </component>
    <matching-component type="Schema" name="Schema_2">
        <component type="Table" name="Schema_1.Table_0">
            <matching-component type="Table" name="Schema_2.Table_0" match="0.9000000357627869">
                <component type="Column" name="Schema_1.Table_0.Column_0">
                    <matching-component type="Column" name="Schema_2.Table_0.Column_0" match="0.10000000149011612"/>
                </component>
                <component type="Column" name="Schema_1.Table_0.Column_1">
                    <matching-component type="Column" name="Schema_2.Table_0.Column_0" match="0.0"/>
                    <matching-component type="Column" name="Schema_2.Table_0.Column_1" match="0.10000000149011612"/>
                </component>
                <component type="Column" name="Schema_1.Table_0.Column_2">
                    <matching-component type="Column" name="Schema_2.Table_0.Column_0" match="0.20000000298023224"/>
                </component>
            </matching-component>
            <matching-component type="Table" name="Schema_2.Table_1" match="0.10000000149011612">
                <component type="Column" name="Schema_1.Table_0.Column_0"/>
                <component type="Column" name="Schema_1.Table_0.Column_1"/>
            </matching-component>
        </component>
    </matching-component>
</matchingResult>
